<?xml version="1.0" encoding="UTF-8"?>
<!-- Generated by org.testng.reporters.JUnitReportReporter -->
<testsuite skipped="0" hostname="LAPTOP-IITIC02G" name="com.medsol.testcases.TC_Login" tests="1" failures="0" timestamp="2023-03-29T09:06:23 IST" time="18.343" errors="0">
  <testcase name="Login" time="18.343" classname="com.medsol.testcases.TC_Login"/>
  <system-out/>
</testsuite> <!-- com.medsol.testcases.TC_Login -->
